<?xml version="1.0" encoding="UTF-8"?>
<!-- Generated by org.testng.reporters.JUnitXMLReporter -->
<testsuite ignored="7" hostname="DESKTOP-MPP7VFL" failures="0" tests="1" name="Surefire test" time="137.94" errors="0" timestamp="2023-08-25T22:43:12 EET">
  <testcase classname="com.luma.testcases.LoginTest" name="shouldBeAbleToLoginToLumaSuccessfully" time="89.458"/>
  <testcase classname="com.luma.testcases.ProductTest" name="shouldBeAbleToBuyProduct" time="0.0">
    <ignored/>
  </testcase> <!-- shouldBeAbleToBuyProduct -->
  <testcase classname="com.luma.testcases.SignupTest" name="shouldBeAbleToSignUpSuccessfully" time="0.0">
    <ignored/>
  </testcase> <!-- shouldBeAbleToSignUpSuccessfully -->
  <testcase classname="com.luma.testcases.ProductTest" name="shouldBeAbleToDeleteProduct" time="0.0">
    <ignored/>
  </testcase> <!-- shouldBeAbleToDeleteProduct -->
  <testcase classname="com.luma.testcases.LoginTest" name="shouldNotBeAbleToLoginWithInvalidEmailAndValidPassword" time="0.0">
    <ignored/>
  </testcase> <!-- shouldNotBeAbleToLoginWithInvalidEmailAndValidPassword -->
  <testcase classname="com.luma.testcases.LoginTest" name="shouldNotBeAbleToLoginWithInvalidEmailAndInvalidPassword" time="0.0">
    <ignored/>
  </testcase> <!-- shouldNotBeAbleToLoginWithInvalidEmailAndInvalidPassword -->
  <testcase classname="com.luma.testcases.LoginTest" name="VerifyTheLoginWhenTheFieldIsBlankAndSubmitButtonIsClicked" time="0.0">
    <ignored/>
  </testcase> <!-- VerifyTheLoginWhenTheFieldIsBlankAndSubmitButtonIsClicked -->
  <testcase classname="com.luma.testcases.LoginTest" name="shouldNotBeAbleToLoginWithValidEmailAndInvalidPassword" time="0.0">
    <ignored/>
  </testcase> <!-- shouldNotBeAbleToLoginWithValidEmailAndInvalidPassword -->
</testsuite> <!-- Surefire test -->
