<?xml version="1.0" encoding="UTF-8"?>
<testng-results ignored="7" total="8" passed="1" failed="0" skipped="0">
  <reporter-output>
  </reporter-output>
  <suite started-at="2023-08-25T22:40:54 EET" name="Surefire suite" finished-at="2023-08-25T22:43:12 EET" duration-ms="137940">
    <groups>
    </groups>
    <test started-at="2023-08-25T22:40:54 EET" name="Surefire test" finished-at="2023-08-25T22:43:12 EET" duration-ms="137940">
      <class name="com.luma.testcases.LoginTest">
        <test-method is-config="true" signature="setup()[pri:0, instance:com.luma.testcases.LoginTest@12a160c2]" started-at="2023-08-25T22:40:57 EET" name="setup" finished-at="2023-08-25T22:41:33 EET" duration-ms="36706" status="PASS">
          <reporter-output>
          </reporter-output>
        </test-method> <!-- setup -->
        <test-method signature="shouldBeAbleToLoginToLumaSuccessfully()[pri:0, instance:com.luma.testcases.LoginTest@12a160c2]" started-at="2023-08-25T22:41:33 EET" name="shouldBeAbleToLoginToLumaSuccessfully" description="Test the login functionality when we using an valid email and password" finished-at="2023-08-25T22:43:03 EET" duration-ms="89458" status="PASS">
          <reporter-output>
          </reporter-output>
        </test-method> <!-- shouldBeAbleToLoginToLumaSuccessfully -->
        <test-method is-config="true" signature="tearDown()[pri:0, instance:com.luma.testcases.LoginTest@12a160c2]" started-at="2023-08-25T22:43:03 EET" name="tearDown" finished-at="2023-08-25T22:43:12 EET" duration-ms="8834" status="PASS">
          <reporter-output>
          </reporter-output>
        </test-method> <!-- tearDown -->
      </class> <!-- com.luma.testcases.LoginTest -->
    </test> <!-- Surefire test -->
  </suite> <!-- Surefire suite -->
</testng-results>
